{"name":"test","status":"failed","statusDetails":{"known":false,"muted":false,"flaky":false,"message":"Element not found {By.xpath: /html/body/app-root/ng-component/div/div[2]/div[2]/ng-component/div/send-report-popup/div/div/div[1]/span[2]/svg}\nExpected: visible or transparent: visible or have css value opacity=0\nScreenshot: file:/home/mariana/IdeaProjects/Mycreditinfo/build/reports/tests/1613214633404.1.png\nPage source: file:/home/mariana/IdeaProjects/Mycreditinfo/build/reports/tests/1613214633404.1.html\nTimeout: 4 s.\nCaused by: NoSuchElementException: no such element: Unable to locate element: {\"method\":\"xpath\",\"selector\":\"/html/body/app-root/ng-component/div/div[2]/div[2]/ng-component/div/send-report-popup/div/div/div[1]/span[2]/svg\"}","trace":"Element not found {By.xpath: /html/body/app-root/ng-component/div/div[2]/div[2]/ng-component/div/send-report-popup/div/div/div[1]/span[2]/svg}\nExpected: visible or transparent: visible or have css value opacity=0\nScreenshot: file:/home/mariana/IdeaProjects/Mycreditinfo/build/reports/tests/1613214633404.1.png\nPage source: file:/home/mariana/IdeaProjects/Mycreditinfo/build/reports/tests/1613214633404.1.html\nTimeout: 4 s.\nCaused by: NoSuchElementException: no such element: Unable to locate element: {\"method\":\"xpath\",\"selector\":\"/html/body/app-root/ng-component/div/div[2]/div[2]/ng-component/div/send-report-popup/div/div/div[1]/span[2]/svg\"}\n\tat com.codeborne.selenide.impl.WebElementSource.createElementNotFoundError(WebElementSource.java:56)\n\tat com.codeborne.selenide.impl.ElementFinder.createElementNotFoundError(ElementFinder.java:136)\n\tat com.codeborne.selenide.impl.WebElementSource.checkCondition(WebElementSource.java:87)\n\tat com.codeborne.selenide.impl.WebElementSource.findAndAssertElementIsInteractable(WebElementSource.java:112)\n\tat com.codeborne.selenide.commands.Click.execute(Click.java:22)\n\tat com.codeborne.selenide.commands.Click.execute(Click.java:15)\n\tat com.codeborne.selenide.commands.Commands.execute(Commands.java:153)\n\tat com.codeborne.selenide.impl.SelenideElementProxy.dispatchAndRetry(SelenideElementProxy.java:124)\n\tat com.codeborne.selenide.impl.SelenideElementProxy.invoke(SelenideElementProxy.java:76)\n\tat com.sun.proxy.$Proxy17.click(Unknown Source)\n\tat com.Mycreditinfo.StepObject.ReportiPageSteps.GoToDasruleba(ReportiPageSteps.java:40)\n\tat Mycreditinfo.RepotisGagzavna.test(RepotisGagzavna.java:23)\n\tat java.base/jdk.internal.reflect.NativeMethodAccessorImpl.invoke0(Native Method)\n\tat java.base/jdk.internal.reflect.NativeMethodAccessorImpl.invoke(NativeMethodAccessorImpl.java:62)\n\tat java.base/jdk.internal.reflect.DelegatingMethodAccessorImpl.invoke(DelegatingMethodAccessorImpl.java:43)\n\tat java.base/java.lang.reflect.Method.invoke(Method.java:566)\n\tat org.testng.internal.MethodInvocationHelper.invokeMethod(MethodInvocationHelper.java:124)\n\tat org.testng.internal.Invoker.invokeMethod(Invoker.java:583)\n\tat org.testng.internal.Invoker.invokeTestMethod(Invoker.java:719)\n\tat org.testng.internal.Invoker.invokeTestMethods(Invoker.java:989)\n\tat org.testng.internal.TestMethodWorker.invokeTestMethods(TestMethodWorker.java:125)\n\tat org.testng.internal.TestMethodWorker.run(TestMethodWorker.java:109)\n\tat org.testng.TestRunner.privateRun(TestRunner.java:648)\n\tat org.testng.TestRunner.run(TestRunner.java:505)\n\tat org.testng.SuiteRunner.runTest(SuiteRunner.java:455)\n\tat org.testng.SuiteRunner.runSequentially(SuiteRunner.java:450)\n\tat org.testng.SuiteRunner.privateRun(SuiteRunner.java:415)\n\tat org.testng.SuiteRunner.run(SuiteRunner.java:364)\n\tat org.testng.SuiteRunnerWorker.runSuite(SuiteRunnerWorker.java:52)\n\tat org.testng.SuiteRunnerWorker.run(SuiteRunnerWorker.java:84)\n\tat org.testng.TestNG.runSuitesSequentially(TestNG.java:1208)\n\tat org.testng.TestNG.runSuitesLocally(TestNG.java:1137)\n\tat org.testng.TestNG.runSuites(TestNG.java:1049)\n\tat org.testng.TestNG.run(TestNG.java:1017)\n\tat com.intellij.rt.testng.IDEARemoteTestNG.run(IDEARemoteTestNG.java:66)\n\tat com.intellij.rt.testng.RemoteTestNGStarter.main(RemoteTestNGStarter.java:109)\nCaused by: org.openqa.selenium.NoSuchElementException: no such element: Unable to locate element: {\"method\":\"xpath\",\"selector\":\"/html/body/app-root/ng-component/div/div[2]/div[2]/ng-component/div/send-report-popup/div/div/div[1]/span[2]/svg\"}\n  (Session info: chrome=88.0.4324.150)\nFor documentation on this error, please visit: https://www.seleniumhq.org/exceptions/no_such_element.html\nBuild info: version: '3.141.59', revision: 'e82be7d358', time: '2018-11-14T08:17:03'\nSystem info: host: 'mariana-Vostro-15-3568', ip: '127.0.1.1', os.name: 'Linux', os.arch: 'amd64', os.version: '5.4.0-65-generic', java.version: '11.0.9.1'\nDriver info: org.openqa.selenium.chrome.ChromeDriver\nCapabilities {acceptInsecureCerts: true, browserName: chrome, browserVersion: 88.0.4324.150, chrome: {chromedriverVersion: 88.0.4324.96 (68dba2d8a0b14..., userDataDir: /tmp/.com.google.Chrome.rsoXLw}, goog:chromeOptions: {debuggerAddress: localhost:41471}, javascriptEnabled: true, networkConnectionEnabled: false, pageLoadStrategy: normal, platform: LINUX, platformName: LINUX, proxy: Proxy(), setWindowRect: true, strictFileInteractability: false, timeouts: {implicit: 0, pageLoad: 300000, script: 30000}, unhandledPromptBehavior: dismiss and notify, webauthn:extension:largeBlob: true, webauthn:virtualAuthenticators: true}\nSession ID: 672a218ddb9ee3072d402f374091e66e\n*** Element info: {Using=xpath, value=/html/body/app-root/ng-component/div/div[2]/div[2]/ng-component/div/send-report-popup/div/div/div[1]/span[2]/svg}\n\tat jdk.internal.reflect.GeneratedConstructorAccessor11.newInstance(Unknown Source)\n\tat java.base/jdk.internal.reflect.DelegatingConstructorAccessorImpl.newInstance(DelegatingConstructorAccessorImpl.java:45)\n\tat java.base/java.lang.reflect.Constructor.newInstance(Constructor.java:490)\n\tat org.openqa.selenium.remote.http.W3CHttpResponseCodec.createException(W3CHttpResponseCodec.java:187)\n\tat org.openqa.selenium.remote.http.W3CHttpResponseCodec.decode(W3CHttpResponseCodec.java:122)\n\tat org.openqa.selenium.remote.http.W3CHttpResponseCodec.decode(W3CHttpResponseCodec.java:49)\n\tat org.openqa.selenium.remote.HttpCommandExecutor.execute(HttpCommandExecutor.java:158)\n\tat org.openqa.selenium.remote.service.DriverCommandExecutor.execute(DriverCommandExecutor.java:83)\n\tat org.openqa.selenium.remote.RemoteWebDriver.execute(RemoteWebDriver.java:552)\n\tat org.openqa.selenium.remote.RemoteWebDriver.findElement(RemoteWebDriver.java:323)\n\tat org.openqa.selenium.remote.RemoteWebDriver.findElementByXPath(RemoteWebDriver.java:428)\n\tat org.openqa.selenium.By$ByXPath.findElement(By.java:353)\n\tat org.openqa.selenium.remote.RemoteWebDriver.findElement(RemoteWebDriver.java:315)\n\tat com.codeborne.selenide.impl.WebElementSelector.findElement(WebElementSelector.java:65)\n\tat com.codeborne.selenide.impl.WebElementSelector.findElement(WebElementSelector.java:40)\n\tat com.codeborne.selenide.impl.ElementFinder.getWebElement(ElementFinder.java:104)\n\tat com.codeborne.selenide.impl.WebElementSource.checkCondition(WebElementSource.java:72)\n\t... 33 more\n"},"stage":"finished","steps":[{"name":"რეპორტის გაგზავნა ","status":"passed","stage":"finished","steps":[],"attachments":[],"parameters":[],"start":1613214624751,"stop":1613214624861}],"attachments":[{"name":"web page Screenshot","source":"0764d105-fb32-4a6b-92bf-8c69ebc84152-attachment","type":"image/png"}],"parameters":[],"start":1613214624746,"stop":1613214633981,"uuid":"0a796b78-5e01-475f-9cf8-2efff4965bb2","historyId":"786a4599004d090b35c01a5f1b918904","fullName":"Mycreditinfo.RepotisGagzavna.test","labels":[{"name":"package","value":"Mycreditinfo.RepotisGagzavna"},{"name":"testClass","value":"Mycreditinfo.RepotisGagzavna"},{"name":"testMethod","value":"test"},{"name":"parentSuite","value":"Automation Suite"},{"name":"suite","value":"TestSuit1"},{"name":"subSuite","value":"Mycreditinfo.RepotisGagzavna"},{"name":"host","value":"mariana-Vostro-15-3568"},{"name":"thread","value":"293919@mariana-Vostro-15-3568.main(1)"},{"name":"framework","value":"testng"},{"name":"language","value":"java"}],"links":[]}