{"name":"test","status":"failed","statusDetails":{"known":false,"muted":false,"flaky":false,"message":"Invalid element state: element click intercepted: Element <div _ngcontent-qfh-c55=\"\" class=\"navigation ng-star-inserted\" title=\"გადახდები\">...</div> is not clickable at point (74, 669). Other element would receive the click: <div _ngcontent-qfh-c86=\"\" hot-keys=\"\" class=\"page-overlay\">...</div>\nScreenshot: file:/home/mariana/IdeaProjects/Mycreditinfo/build/reports/tests/1613213878810.3.png\nPage source: file:/home/mariana/IdeaProjects/Mycreditinfo/build/reports/tests/1613213878810.3.html\nTimeout: 4 s.\nCaused by: ElementClickInterceptedException: element click intercepted: Element <div _ngcontent-qfh-c55=\"\" class=\"navigation ng-star-inserted\" title=\"გადახდები\">...</div> is not clickable at point (74, 669). Other element would receive the click: <div _ngcontent-qfh-c86=\"\" hot-keys=\"\" class=\"page-overlay\">...</div>","trace":"Invalid element state: element click intercepted: Element <div _ngcontent-qfh-c55=\"\" class=\"navigation ng-star-inserted\" title=\"გადახდები\">...</div> is not clickable at point (74, 669). Other element would receive the click: <div _ngcontent-qfh-c86=\"\" hot-keys=\"\" class=\"page-overlay\">...</div>\nScreenshot: file:/home/mariana/IdeaProjects/Mycreditinfo/build/reports/tests/1613213878810.3.png\nPage source: file:/home/mariana/IdeaProjects/Mycreditinfo/build/reports/tests/1613213878810.3.html\nTimeout: 4 s.\nCaused by: ElementClickInterceptedException: element click intercepted: Element <div _ngcontent-qfh-c55=\"\" class=\"navigation ng-star-inserted\" title=\"გადახდები\">...</div> is not clickable at point (74, 669). Other element would receive the click: <div _ngcontent-qfh-c86=\"\" hot-keys=\"\" class=\"page-overlay\">...</div>\n\tat com.codeborne.selenide.impl.ExceptionWrapper.wrap(ExceptionWrapper.java:26)\n\tat com.codeborne.selenide.impl.SelenideElementProxy.dispatchAndRetry(SelenideElementProxy.java:146)\n\tat com.codeborne.selenide.impl.SelenideElementProxy.invoke(SelenideElementProxy.java:76)\n\tat com.sun.proxy.$Proxy17.click(Unknown Source)\n\tat com.Mycreditinfo.StepObject.GadaxdebisPageSteps.GoToGadaxdebi(GadaxdebisPageSteps.java:9)\n\tat Mycreditinfo.GadaxdebisPage.test(GadaxdebisPage.java:17)\n\tat java.base/jdk.internal.reflect.NativeMethodAccessorImpl.invoke0(Native Method)\n\tat java.base/jdk.internal.reflect.NativeMethodAccessorImpl.invoke(NativeMethodAccessorImpl.java:62)\n\tat java.base/jdk.internal.reflect.DelegatingMethodAccessorImpl.invoke(DelegatingMethodAccessorImpl.java:43)\n\tat java.base/java.lang.reflect.Method.invoke(Method.java:566)\n\tat org.testng.internal.MethodInvocationHelper.invokeMethod(MethodInvocationHelper.java:124)\n\tat org.testng.internal.Invoker.invokeMethod(Invoker.java:583)\n\tat org.testng.internal.Invoker.invokeTestMethod(Invoker.java:719)\n\tat org.testng.internal.Invoker.invokeTestMethods(Invoker.java:989)\n\tat org.testng.internal.TestMethodWorker.invokeTestMethods(TestMethodWorker.java:125)\n\tat org.testng.internal.TestMethodWorker.run(TestMethodWorker.java:109)\n\tat org.testng.TestRunner.privateRun(TestRunner.java:648)\n\tat org.testng.TestRunner.run(TestRunner.java:505)\n\tat org.testng.SuiteRunner.runTest(SuiteRunner.java:455)\n\tat org.testng.SuiteRunner.runSequentially(SuiteRunner.java:450)\n\tat org.testng.SuiteRunner.privateRun(SuiteRunner.java:415)\n\tat org.testng.SuiteRunner.run(SuiteRunner.java:364)\n\tat org.testng.SuiteRunnerWorker.runSuite(SuiteRunnerWorker.java:52)\n\tat org.testng.SuiteRunnerWorker.run(SuiteRunnerWorker.java:84)\n\tat org.testng.TestNG.runSuitesSequentially(TestNG.java:1208)\n\tat org.testng.TestNG.runSuitesLocally(TestNG.java:1137)\n\tat org.testng.TestNG.runSuites(TestNG.java:1049)\n\tat org.testng.TestNG.run(TestNG.java:1017)\n\tat com.intellij.rt.testng.IDEARemoteTestNG.run(IDEARemoteTestNG.java:66)\n\tat com.intellij.rt.testng.RemoteTestNGStarter.main(RemoteTestNGStarter.java:109)\nCaused by: org.openqa.selenium.ElementClickInterceptedException: element click intercepted: Element <div _ngcontent-qfh-c55=\"\" class=\"navigation ng-star-inserted\" title=\"გადახდები\">...</div> is not clickable at point (74, 669). Other element would receive the click: <div _ngcontent-qfh-c86=\"\" hot-keys=\"\" class=\"page-overlay\">...</div>\n  (Session info: chrome=88.0.4324.150)\nBuild info: version: '3.141.59', revision: 'e82be7d358', time: '2018-11-14T08:17:03'\nSystem info: host: 'mariana-Vostro-15-3568', ip: '127.0.1.1', os.name: 'Linux', os.arch: 'amd64', os.version: '5.4.0-65-generic', java.version: '11.0.9.1'\nDriver info: org.openqa.selenium.chrome.ChromeDriver\nCapabilities {acceptInsecureCerts: true, browserName: chrome, browserVersion: 88.0.4324.150, chrome: {chromedriverVersion: 88.0.4324.96 (68dba2d8a0b14..., userDataDir: /tmp/.com.google.Chrome.qnWfAI}, goog:chromeOptions: {debuggerAddress: localhost:46345}, javascriptEnabled: true, networkConnectionEnabled: false, pageLoadStrategy: normal, platform: LINUX, platformName: LINUX, proxy: Proxy(), setWindowRect: true, strictFileInteractability: false, timeouts: {implicit: 0, pageLoad: 300000, script: 30000}, unhandledPromptBehavior: dismiss and notify, webauthn:extension:largeBlob: true, webauthn:virtualAuthenticators: true}\nSession ID: 635d45bb35f61a17b19a33a44d3eade2\n\tat java.base/jdk.internal.reflect.NativeConstructorAccessorImpl.newInstance0(Native Method)\n\tat java.base/jdk.internal.reflect.NativeConstructorAccessorImpl.newInstance(NativeConstructorAccessorImpl.java:62)\n\tat java.base/jdk.internal.reflect.DelegatingConstructorAccessorImpl.newInstance(DelegatingConstructorAccessorImpl.java:45)\n\tat java.base/java.lang.reflect.Constructor.newInstance(Constructor.java:490)\n\tat org.openqa.selenium.remote.http.W3CHttpResponseCodec.createException(W3CHttpResponseCodec.java:187)\n\tat org.openqa.selenium.remote.http.W3CHttpResponseCodec.decode(W3CHttpResponseCodec.java:122)\n\tat org.openqa.selenium.remote.http.W3CHttpResponseCodec.decode(W3CHttpResponseCodec.java:49)\n\tat org.openqa.selenium.remote.HttpCommandExecutor.execute(HttpCommandExecutor.java:158)\n\tat org.openqa.selenium.remote.service.DriverCommandExecutor.execute(DriverCommandExecutor.java:83)\n\tat org.openqa.selenium.remote.RemoteWebDriver.execute(RemoteWebDriver.java:552)\n\tat org.openqa.selenium.remote.RemoteWebElement.execute(RemoteWebElement.java:285)\n\tat org.openqa.selenium.remote.RemoteWebElement.click(RemoteWebElement.java:84)\n\tat com.codeborne.selenide.commands.Click.click(Click.java:44)\n\tat com.codeborne.selenide.commands.Click.execute(Click.java:25)\n\tat com.codeborne.selenide.commands.Click.execute(Click.java:15)\n\tat com.codeborne.selenide.commands.Commands.execute(Commands.java:153)\n\tat com.codeborne.selenide.impl.SelenideElementProxy.dispatchAndRetry(SelenideElementProxy.java:124)\n\t... 28 more\n"},"stage":"finished","steps":[{"name":"გადახდების გვერდი","status":"failed","statusDetails":{"known":false,"muted":false,"flaky":false,"message":"Invalid element state: element click intercepted: Element <div _ngcontent-qfh-c55=\"\" class=\"navigation ng-star-inserted\" title=\"გადახდები\">...</div> is not clickable at point (74, 669). Other element would receive the click: <div _ngcontent-qfh-c86=\"\" hot-keys=\"\" class=\"page-overlay\">...</div>\nScreenshot: file:/home/mariana/IdeaProjects/Mycreditinfo/build/reports/tests/1613213878810.3.png\nPage source: file:/home/mariana/IdeaProjects/Mycreditinfo/build/reports/tests/1613213878810.3.html\nTimeout: 4 s.\nCaused by: ElementClickInterceptedException: element click intercepted: Element <div _ngcontent-qfh-c55=\"\" class=\"navigation ng-star-inserted\" title=\"გადახდები\">...</div> is not clickable at point (74, 669). Other element would receive the click: <div _ngcontent-qfh-c86=\"\" hot-keys=\"\" class=\"page-overlay\">...</div>","trace":"Invalid element state: element click intercepted: Element <div _ngcontent-qfh-c55=\"\" class=\"navigation ng-star-inserted\" title=\"გადახდები\">...</div> is not clickable at point (74, 669). Other element would receive the click: <div _ngcontent-qfh-c86=\"\" hot-keys=\"\" class=\"page-overlay\">...</div>\nScreenshot: file:/home/mariana/IdeaProjects/Mycreditinfo/build/reports/tests/1613213878810.3.png\nPage source: file:/home/mariana/IdeaProjects/Mycreditinfo/build/reports/tests/1613213878810.3.html\nTimeout: 4 s.\nCaused by: ElementClickInterceptedException: element click intercepted: Element <div _ngcontent-qfh-c55=\"\" class=\"navigation ng-star-inserted\" title=\"გადახდები\">...</div> is not clickable at point (74, 669). Other element would receive the click: <div _ngcontent-qfh-c86=\"\" hot-keys=\"\" class=\"page-overlay\">...</div>\n\tat com.codeborne.selenide.impl.ExceptionWrapper.wrap(ExceptionWrapper.java:26)\n\tat com.codeborne.selenide.impl.SelenideElementProxy.dispatchAndRetry(SelenideElementProxy.java:146)\n\tat com.codeborne.selenide.impl.SelenideElementProxy.invoke(SelenideElementProxy.java:76)\n\tat com.sun.proxy.$Proxy17.click(Unknown Source)\n\tat com.Mycreditinfo.StepObject.GadaxdebisPageSteps.GoToGadaxdebi(GadaxdebisPageSteps.java:9)\n\tat Mycreditinfo.GadaxdebisPage.test(GadaxdebisPage.java:17)\n\tat java.base/jdk.internal.reflect.NativeMethodAccessorImpl.invoke0(Native Method)\n\tat java.base/jdk.internal.reflect.NativeMethodAccessorImpl.invoke(NativeMethodAccessorImpl.java:62)\n\tat java.base/jdk.internal.reflect.DelegatingMethodAccessorImpl.invoke(DelegatingMethodAccessorImpl.java:43)\n\tat java.base/java.lang.reflect.Method.invoke(Method.java:566)\n\tat org.testng.internal.MethodInvocationHelper.invokeMethod(MethodInvocationHelper.java:124)\n\tat org.testng.internal.Invoker.invokeMethod(Invoker.java:583)\n\tat org.testng.internal.Invoker.invokeTestMethod(Invoker.java:719)\n\tat org.testng.internal.Invoker.invokeTestMethods(Invoker.java:989)\n\tat org.testng.internal.TestMethodWorker.invokeTestMethods(TestMethodWorker.java:125)\n\tat org.testng.internal.TestMethodWorker.run(TestMethodWorker.java:109)\n\tat org.testng.TestRunner.privateRun(TestRunner.java:648)\n\tat org.testng.TestRunner.run(TestRunner.java:505)\n\tat org.testng.SuiteRunner.runTest(SuiteRunner.java:455)\n\tat org.testng.SuiteRunner.runSequentially(SuiteRunner.java:450)\n\tat org.testng.SuiteRunner.privateRun(SuiteRunner.java:415)\n\tat org.testng.SuiteRunner.run(SuiteRunner.java:364)\n\tat org.testng.SuiteRunnerWorker.runSuite(SuiteRunnerWorker.java:52)\n\tat org.testng.SuiteRunnerWorker.run(SuiteRunnerWorker.java:84)\n\tat org.testng.TestNG.runSuitesSequentially(TestNG.java:1208)\n\tat org.testng.TestNG.runSuitesLocally(TestNG.java:1137)\n\tat org.testng.TestNG.runSuites(TestNG.java:1049)\n\tat org.testng.TestNG.run(TestNG.java:1017)\n\tat com.intellij.rt.testng.IDEARemoteTestNG.run(IDEARemoteTestNG.java:66)\n\tat com.intellij.rt.testng.RemoteTestNGStarter.main(RemoteTestNGStarter.java:109)\nCaused by: org.openqa.selenium.ElementClickInterceptedException: element click intercepted: Element <div _ngcontent-qfh-c55=\"\" class=\"navigation ng-star-inserted\" title=\"გადახდები\">...</div> is not clickable at point (74, 669). Other element would receive the click: <div _ngcontent-qfh-c86=\"\" hot-keys=\"\" class=\"page-overlay\">...</div>\n  (Session info: chrome=88.0.4324.150)\nBuild info: version: '3.141.59', revision: 'e82be7d358', time: '2018-11-14T08:17:03'\nSystem info: host: 'mariana-Vostro-15-3568', ip: '127.0.1.1', os.name: 'Linux', os.arch: 'amd64', os.version: '5.4.0-65-generic', java.version: '11.0.9.1'\nDriver info: org.openqa.selenium.chrome.ChromeDriver\nCapabilities {acceptInsecureCerts: true, browserName: chrome, browserVersion: 88.0.4324.150, chrome: {chromedriverVersion: 88.0.4324.96 (68dba2d8a0b14..., userDataDir: /tmp/.com.google.Chrome.qnWfAI}, goog:chromeOptions: {debuggerAddress: localhost:46345}, javascriptEnabled: true, networkConnectionEnabled: false, pageLoadStrategy: normal, platform: LINUX, platformName: LINUX, proxy: Proxy(), setWindowRect: true, strictFileInteractability: false, timeouts: {implicit: 0, pageLoad: 300000, script: 30000}, unhandledPromptBehavior: dismiss and notify, webauthn:extension:largeBlob: true, webauthn:virtualAuthenticators: true}\nSession ID: 635d45bb35f61a17b19a33a44d3eade2\n\tat java.base/jdk.internal.reflect.NativeConstructorAccessorImpl.newInstance0(Native Method)\n\tat java.base/jdk.internal.reflect.NativeConstructorAccessorImpl.newInstance(NativeConstructorAccessorImpl.java:62)\n\tat java.base/jdk.internal.reflect.DelegatingConstructorAccessorImpl.newInstance(DelegatingConstructorAccessorImpl.java:45)\n\tat java.base/java.lang.reflect.Constructor.newInstance(Constructor.java:490)\n\tat org.openqa.selenium.remote.http.W3CHttpResponseCodec.createException(W3CHttpResponseCodec.java:187)\n\tat org.openqa.selenium.remote.http.W3CHttpResponseCodec.decode(W3CHttpResponseCodec.java:122)\n\tat org.openqa.selenium.remote.http.W3CHttpResponseCodec.decode(W3CHttpResponseCodec.java:49)\n\tat org.openqa.selenium.remote.HttpCommandExecutor.execute(HttpCommandExecutor.java:158)\n\tat org.openqa.selenium.remote.service.DriverCommandExecutor.execute(DriverCommandExecutor.java:83)\n\tat org.openqa.selenium.remote.RemoteWebDriver.execute(RemoteWebDriver.java:552)\n\tat org.openqa.selenium.remote.RemoteWebElement.execute(RemoteWebElement.java:285)\n\tat org.openqa.selenium.remote.RemoteWebElement.click(RemoteWebElement.java:84)\n\tat com.codeborne.selenide.commands.Click.click(Click.java:44)\n\tat com.codeborne.selenide.commands.Click.execute(Click.java:25)\n\tat com.codeborne.selenide.commands.Click.execute(Click.java:15)\n\tat com.codeborne.selenide.commands.Commands.execute(Commands.java:153)\n\tat com.codeborne.selenide.impl.SelenideElementProxy.dispatchAndRetry(SelenideElementProxy.java:124)\n\t... 28 more\n"},"stage":"finished","steps":[],"attachments":[],"parameters":[],"start":1613213874784,"stop":1613213879143}],"attachments":[{"name":"web page Screenshot","source":"5f536a75-22f0-430f-9349-f9940c35fd3e-attachment","type":"image/png"}],"parameters":[],"start":1613213874779,"stop":1613213879374,"uuid":"a50de61a-ee19-4e82-b41e-06800f95a6c2","historyId":"6c0a419022ad0831d13d2b22e4532b94","fullName":"Mycreditinfo.GadaxdebisPage.test","labels":[{"name":"package","value":"Mycreditinfo.GadaxdebisPage"},{"name":"testClass","value":"Mycreditinfo.GadaxdebisPage"},{"name":"testMethod","value":"test"},{"name":"parentSuite","value":"Automation Suite"},{"name":"suite","value":"TestSuit1"},{"name":"subSuite","value":"Mycreditinfo.GadaxdebisPage"},{"name":"host","value":"mariana-Vostro-15-3568"},{"name":"thread","value":"292261@mariana-Vostro-15-3568.main(1)"},{"name":"framework","value":"testng"},{"name":"language","value":"java"}],"links":[]}